<?xml version="1.0" encoding="UTF-8"?>
<!-- Generated by org.testng.reporters.JUnitReportReporter -->
<testsuite skipped="0" hostname="Amar" name="com.webapp.Test_1" tests="1" failures="0" timestamp="27 Jul 2021 06:38:13 GMT" time="25.019" errors="0">
  <testcase name="loginApp" time="25.019" classname="com.webapp.Test_1"/>
</testsuite> <!-- com.webapp.Test_1 -->
